ParseStarterProject/build/outputs/logs/manifest-merger-release-report.txt
-- Merging decision tree log ---
manifest
ADDED from src/main/AndroidManifest.xml:9:1-81:12
	package
		ADDED from src/main/AndroidManifest.xml:10:5-47
		INJECTED from src/main/AndroidManifest.xml
		INJECTED from src/main/AndroidManifest.xml
	android:versionName
		INJECTED from src/main/AndroidManifest.xml
		INJECTED from src/main/AndroidManifest.xml
	xmlns:android
		ADDED from src/main/AndroidManifest.xml:9:11-69
	android:versionCode
		INJECTED from src/main/AndroidManifest.xml
		INJECTED from src/main/AndroidManifest.xml
uses-permission#android.permission.INTERNET
ADDED from src/main/AndroidManifest.xml:12:5-67
MERGED from [com.google.android.gms:play-services-maps:9.0.2] AndroidManifest.xml:21:5-66
	android:name
		ADDED from src/main/AndroidManifest.xml:12:22-64
uses-permission#android.permission.ACCESS_NETWORK_STATE
ADDED from src/main/AndroidManifest.xml:13:5-79
MERGED from [com.google.android.gms:play-services-maps:9.0.2] AndroidManifest.xml:20:5-78
	android:name
		ADDED from src/main/AndroidManifest.xml:13:22-76
uses-permission#android.permission.ACCESS_FINE_LOCATION
ADDED from src/main/AndroidManifest.xml:20:5-79
	android:name
		ADDED from src/main/AndroidManifest.xml:20:22-76
uses-permission#android.permission.ACCESS_COARSE_LOCATION
ADDED from src/main/AndroidManifest.xml:21:5-81
	android:name
		ADDED from src/main/AndroidManifest.xml:21:22-78
uses-permission#android.permission.CAMERA
ADDED from src/main/AndroidManifest.xml:23:5-65
	android:name
		ADDED from src/main/AndroidManifest.xml:23:22-62
uses-permission#android.permission.READ_EXTERNAL_STORAGE
ADDED from src/main/AndroidManifest.xml:25:5-80
	android:name
		ADDED from src/main/AndroidManifest.xml:25:22-77
uses-feature#android.hardware.camera
ADDED from src/main/AndroidManifest.xml:27:5-29:36
	android:required
		ADDED from src/main/AndroidManifest.xml:29:9-33
	android:name
		ADDED from src/main/AndroidManifest.xml:28:9-47
uses-permission#android.permission.WRITE_EXTERNAL_STORAGE
ADDED from src/main/AndroidManifest.xml:31:5-81
	android:name
		ADDED from src/main/AndroidManifest.xml:31:22-78
application
ADDED from src/main/AndroidManifest.xml:33:5-79:19
MERGED from [com.android.support:appcompat-v7:23.0.1] AndroidManifest.xml:22:5-20
MERGED from [com.google.android.gms:play-services-maps:9.0.2] AndroidManifest.xml:27:5-20
MERGED from [com.google.android.gms:play-services-base:9.0.2] AndroidManifest.xml:19:5-23:19
MERGED from [com.google.firebase:firebase-common:9.0.2] AndroidManifest.xml:5:5-12:19
MERGED from [com.google.android.gms:play-services-tasks:9.0.2] AndroidManifest.xml:5:5-20
MERGED from [com.google.android.gms:play-services-basement:9.0.2] AndroidManifest.xml:20:5-24:19
MERGED from [com.android.support:cardview-v7:23.0.1] AndroidManifest.xml:22:5-20
MERGED from [com.android.support:support-v4:23.0.1] AndroidManifest.xml:22:5-20
	android:label
		ADDED from src/main/AndroidManifest.xml:37:9-41
	android:allowBackup
		ADDED from src/main/AndroidManifest.xml:35:9-35
	android:icon
		ADDED from src/main/AndroidManifest.xml:36:9-43
	android:theme
		ADDED from src/main/AndroidManifest.xml:38:9-40
	android:name
		ADDED from src/main/AndroidManifest.xml:34:9-60
meta-data#com.parse.APPLICATION_ID
ADDED from src/main/AndroidManifest.xml:39:9-41:52
	android:value
		ADDED from src/main/AndroidManifest.xml:41:13-49
	android:name
		ADDED from src/main/AndroidManifest.xml:40:13-52
meta-data#com.parse.CLIENT_KEY
ADDED from src/main/AndroidManifest.xml:42:9-44:56
	android:value
		ADDED from src/main/AndroidManifest.xml:44:13-53
	android:name
		ADDED from src/main/AndroidManifest.xml:43:13-48
activity#com.parse.starter.MainActivity
ADDED from src/main/AndroidManifest.xml:46:9-54:20
	android:label
		ADDED from src/main/AndroidManifest.xml:48:13-45
	android:name
		ADDED from src/main/AndroidManifest.xml:47:13-58
intent-filter#android.intent.action.MAIN+android.intent.category.LAUNCHER
ADDED from src/main/AndroidManifest.xml:49:13-53:29
action#android.intent.action.MAIN
ADDED from src/main/AndroidManifest.xml:50:17-69
	android:name
		ADDED from src/main/AndroidManifest.xml:50:25-66
category#android.intent.category.LAUNCHER
ADDED from src/main/AndroidManifest.xml:52:17-77
	android:name
		ADDED from src/main/AndroidManifest.xml:52:27-74
activity#com.parse.starter.SignUpActivity
ADDED from src/main/AndroidManifest.xml:55:9-69
	android:name
		ADDED from src/main/AndroidManifest.xml:55:19-66
meta-data#com.google.android.geo.API_KEY
ADDED from src/main/AndroidManifest.xml:65:9-67:55
	android:value
		ADDED from src/main/AndroidManifest.xml:67:13-52
	android:name
		ADDED from src/main/AndroidManifest.xml:66:13-58
activity#com.parse.starter.UserMapsActivity
ADDED from src/main/AndroidManifest.xml:69:9-71:64
	android:label
		ADDED from src/main/AndroidManifest.xml:71:13-61
	android:name
		ADDED from src/main/AndroidManifest.xml:70:13-62
activity#com.parse.starter.BarberProfileActivity
ADDED from src/main/AndroidManifest.xml:72:9-76
	android:name
		ADDED from src/main/AndroidManifest.xml:72:19-73
activity#com.parse.starter.BarberMainActivity
ADDED from src/main/AndroidManifest.xml:73:9-73
	android:name
		ADDED from src/main/AndroidManifest.xml:73:19-70
activity#com.parse.starter.ViewFollowingActivity
ADDED from src/main/AndroidManifest.xml:74:9-76
	android:name
		ADDED from src/main/AndroidManifest.xml:74:19-73
activity#com.parse.starter.ViewFollowersActivity
ADDED from src/main/AndroidManifest.xml:75:9-75
	android:name
		ADDED from src/main/AndroidManifest.xml:75:19-73
activity#com.parse.starter.ExploreBarbersPhotosActivity
ADDED from src/main/AndroidManifest.xml:76:9-82
	android:name
		ADDED from src/main/AndroidManifest.xml:76:19-80
activity#com.parse.starter.UpdateBarberProfileActivity
ADDED from src/main/AndroidManifest.xml:77:9-81
	android:name
		ADDED from src/main/AndroidManifest.xml:77:19-79
uses-sdk
INJECTED from src/main/AndroidManifest.xml reason: use-sdk injection requested
MERGED from [com.android.support:appcompat-v7:23.0.1] AndroidManifest.xml:20:5-43
MERGED from [com.google.android.gms:play-services-maps:9.0.2] AndroidManifest.xml:26:5-42
MERGED from [com.google.android.gms:play-services-base:9.0.2] AndroidManifest.xml:18:5-42
MERGED from [com.google.firebase:firebase-common:9.0.2] AndroidManifest.xml:4:5-43
MERGED from [com.google.android.gms:play-services-tasks:9.0.2] AndroidManifest.xml:4:5-43
MERGED from [com.google.android.gms:play-services-basement:9.0.2] AndroidManifest.xml:18:5-42
MERGED from [com.android.support:cardview-v7:23.0.1] AndroidManifest.xml:20:5-43
MERGED from [com.android.support:recyclerview-v7:23.0.1] AndroidManifest.xml:20:5-43
MERGED from [com.android.support:support-v4:23.0.1] AndroidManifest.xml:20:5-43
	android:targetSdkVersion
		INJECTED from src/main/AndroidManifest.xml
		INJECTED from src/main/AndroidManifest.xml
	android:minSdkVersion
		INJECTED from src/main/AndroidManifest.xml
		INJECTED from src/main/AndroidManifest.xml
uses-feature#0x00020000
ADDED from [com.google.android.gms:play-services-maps:9.0.2] AndroidManifest.xml:22:5-24:33
	android:glEsVersion
		ADDED from [com.google.android.gms:play-services-maps:9.0.2] AndroidManifest.xml:23:8-40
	android:required
		ADDED from [com.google.android.gms:play-services-maps:9.0.2] AndroidManifest.xml:24:8-31
activity#com.google.android.gms.common.api.GoogleApiActivity
ADDED from [com.google.android.gms:play-services-base:9.0.2] AndroidManifest.xml:20:9-22:45
	android:exported
		ADDED from [com.google.android.gms:play-services-base:9.0.2] AndroidManifest.xml:22:19-43
	android:theme
		ADDED from [com.google.android.gms:play-services-base:9.0.2] AndroidManifest.xml:21:19-78
	android:name
		ADDED from [com.google.android.gms:play-services-base:9.0.2] AndroidManifest.xml:20:19-85
provider#com.google.firebase.provider.FirebaseInitProvider
ADDED from [com.google.firebase:firebase-common:9.0.2] AndroidManifest.xml:7:9-11:39
	android:authorities
		ADDED from [com.google.firebase:firebase-common:9.0.2] AndroidManifest.xml:8:13-72
	android:exported
		ADDED from [com.google.firebase:firebase-common:9.0.2] AndroidManifest.xml:10:13-37
	android:initOrder
		ADDED from [com.google.firebase:firebase-common:9.0.2] AndroidManifest.xml:11:13-36
	android:name
		ADDED from [com.google.firebase:firebase-common:9.0.2] AndroidManifest.xml:9:13-58
meta-data#com.google.android.gms.version
ADDED from [com.google.android.gms:play-services-basement:9.0.2] AndroidManifest.xml:21:9-23:69
	android:value
		ADDED from [com.google.android.gms:play-services-basement:9.0.2] AndroidManifest.xml:23:13-66
	android:name
		ADDED from [com.google.android.gms:play-services-basement:9.0.2] AndroidManifest.xml:22:13-58